F(1,1,2) = 2560
F(1,2,3) = 4096
F(1,3,4) = 5632
F(1,4,5) = 4608
F(1,5,6) = 2560
F(1,6,7) = 2560
F(1,7,8) = 1023488
F(1,8,9) = 1066496
F(1,9,10) = 20832
F(1,1,3) = 4352
F(1,2,4) = 6144
F(1,3,5) = 5888
F(1,4,6) = 5120
F(1,5,7) = 2816
F(1,6,8) = 1024000
F(1,7,9) = 1066752
F(1,8,10) = 1083392
F(1,1,4) = 6272
F(1,2,5) = 6272
F(1,3,6) = 6144
F(1,4,7) = 5248
F(1,5,8) = 1024128
F(1,6,9) = 1067008
F(1,7,10) = 1083520
F(1,1,5) = 6336
F(1,2,6) = 6400
F(1,3,7) = 6208
F(1,4,8) = 1024384
F(1,5,9) = 1067072
F(1,6,10) = 1083648
F(1,1,6) = 6432
F(1,2,7) = 6432
F(1,3,8) = 1024480
F(1,4,9) = 1067200
F(1,5,10) = 1083680
F(1,1,7) = 6448
F(1,2,8) = 1024512
F(1,3,9) = 1067248
F(1,4,10) = 1083744
F(1,1,8) = 1024520
F(1,2,9) = 1067264
F(1,3,10) = 1083768
F(1,1,9) = 1067268
F(1,2,10) = 1083776
F(1,1,10) = 1083778
F(2,1,2) = 1445888
F(2,2,3) = 795648
F(2,3,4) = 787968
F(2,4,5) = 391104
F(2,5,6) = 572928
F(2,6,7) = 310784
F(2,7,8) = 895488
F(2,8,9) = 814080
F(2,9,10) = 858112
F(2,1,3) = 1533952
F(2,2,4) = 013504
F(2,3,5) = 479168
F(2,4,6) = 790784
F(2,5,7) = 638720
F(2,6,8) = 919296
F(2,7,9) = 920576
F(2,8,10) = 049088
F(2,1,4) = 1642880
F(2,2,5) = 590016
F(2,3,6) = 834816
F(2,4,7) = 823680
F(2,5,8) = 734208
F(2,6,9) = 932480
F(2,7,10) = 081984
F(2,1,5) = 1702592
F(2,2,6) = 890240
F(2,3,7) = 851264
F(2,4,8) = 871424
F(2,5,9) = 992192
F(2,6,10) = 982976
F(2,1,6) = 1705568
F(2,2,7) = 898464
F(2,3,8) = 882432
F(2,4,9) = 874560
F(2,5,10) = 017440
F(2,1,7) = 1709680
F(2,2,8) = 910400
F(2,3,9) = 884000
F(2,4,10) = 887184
F(2,1,8) = 1715648
F(2,2,9) = 911184
F(2,3,10) = 890312
F(2,1,9) = 1716040
F(2,2,10) = 914340
F(2,1,10) = 1717618
F(3,1,2) = 743424
F(3,2,3) = 696320
F(3,3,4) = 711680
F(3,4,5) = 193472
F(3,5,6) = 212928
F(3,6,7) = 928256
F(3,7,8) = 494080
F(3,8,9) = 890368
F(3,9,10) = 246208
F(3,1,3) = 812544
F(3,2,4) = 913920
F(3,3,5) = 873216
F(3,4,6) = 430528
F(3,5,7) = 333760
F(3,6,8) = 933632
F(3,7,9) = 713984
F(3,8,10) = 251584
F(3,1,4) = 960256
F(3,2,5) = 994688
F(3,3,6) = 984448
F(3,4,7) = 490944
F(3,5,8) = 336448
F(3,6,9) = 825216
F(3,7,10) = 805632
F(3,1,5) = 017856
F(3,2,6) = 050304
F(3,3,7) = 508224
F(3,4,8) = 492288
F(3,5,9) = 865600
F(3,6,10) = 871040
F(3,1,6) = 061888
F(3,2,7) = 525664
F(3,3,8) = 508896
F(3,4,9) = 892800
F(3,5,10) = 891232
F(3,1,7) = 531456
F(3,2,8) = 526000
F(3,3,9) = 897120
F(3,4,10) = 904832
F(3,1,8) = 531624
F(3,2,9) = 901480
F(3,3,10) = 906992
F(3,1,9) = 902928
F(3,2,10) = 909172
F(3,1,10) = 909896
F(4,1,2) = 788480
F(4,2,3) = 172992
F(4,3,4) = 930816
F(4,4,5) = 722432
F(4,5,6) = 263104
F(4,6,7) = 319424
F(4,7,8) = 827392
F(4,8,9) = 776704
F(4,9,10) = 684032
F(4,1,3) = 986624
F(4,2,4) = 242112
F(4,3,5) = 920576
F(4,4,6) = 908032
F(4,5,7) = 542400
F(4,6,8) = 407744
F(4,7,9) = 977408
F(4,8,10) = 818688
F(4,1,4) = 249024
F(4,2,5) = 353600
F(4,3,6) = 013376
F(4,4,7) = 576960
F(4,5,8) = 586560
F(4,6,9) = 482752
F(4,7,10) = 998400
F(4,1,5) = 357056
F(4,2,6) = 400000
F(4,3,7) = 626496
F(4,4,8) = 603840
F(4,5,9) = 624064
F(4,6,10) = 493248
F(4,1,6) = 401728
F(4,2,7) = 650272
F(4,3,8) = 637536
F(4,4,9) = 632704
F(4,5,10) = 629312
F(4,1,7) = 651136
F(4,2,8) = 655792
F(4,3,9) = 646912
F(4,4,10) = 635328
F(4,1,8) = 656224
F(4,2,9) = 660480
F(4,3,10) = 648224
F(4,1,9) = 660696
F(4,2,10) = 661136
F(4,1,10) = 661244
F(5,1,2) = 984064
F(5,2,3) = 948224
F(5,3,4) = 645632
F(5,4,5) = 950784
F(5,5,6) = 717824
F(5,6,7) = 941568
F(5,7,8) = 929792
F(5,8,9) = 353280
F(5,9,10) = 347136
F(5,1,3) = 143296
F(5,2,4) = 952576
F(5,3,5) = 881152
F(5,4,6) = 722176
F(5,5,7) = 922368
F(5,6,8) = 997376
F(5,7,9) = 990208
F(5,8,10) = 406016
F(5,1,4) = 145472
F(5,2,5) = 958976
F(5,3,6) = 912000
F(5,4,7) = 924544
F(5,5,8) = 950272
F(5,6,9) = 027584
F(5,7,10) = 508288
F(5,1,5) = 204352
F(5,2,6) = 974400
F(5,3,7) = 964352
F(5,4,8) = 951360
F(5,5,9) = 965376
F(5,6,10) = 523712
F(5,1,6) = 995424
F(5,2,7) = 999968
F(5,3,8) = 971328
F(5,4,9) = 965920
F(5,5,10) = 971968
F(5,1,7) = 010480
F(5,2,8) = 981056
F(5,3,9) = 975872
F(5,4,10) = 972240
F(5,1,8) = 986312
F(5,2,9) = 982944
F(5,3,10) = 977520
F(5,1,9) = 987256
F(5,2,10) = 983768
F(5,1,10) = 987668
F(6,1,2) = 364032
F(6,2,3) = 711680
F(6,3,4) = 958464
F(6,4,5) = 842240
F(6,5,6) = 192000
F(6,6,7) = 412160
F(6,7,8) = 536064
F(6,8,9) = 486912
F(6,9,10) = 693760
F(6,1,3) = 756480
F(6,2,4) = 903680
F(6,3,5) = 995584
F(6,4,6) = 864000
F(6,5,7) = 449280
F(6,6,8) = 557824
F(6,7,9) = 612096
F(6,8,10) = 777472
F(6,1,4) = 926080
F(6,2,5) = 922240
F(6,3,6) = 935808
F(6,4,7) = 910080
F(6,5,8) = 576384
F(6,6,9) = 622976
F(6,7,10) = 823552
F(6,1,5) = 935360
F(6,2,6) = 952960
F(6,3,7) = 958848
F(6,4,8) = 931008
F(6,5,9) = 632256
F(6,6,10) = 828992
F(6,1,6) = 958560
F(6,2,7) = 967424
F(6,3,8) = 969312
F(6,4,9) = 940512
F(6,5,10) = 833632
F(6,1,7) = 970224
F(6,2,8) = 973600
F(6,3,9) = 974064
F(6,4,10) = 948976
F(6,1,8) = 975000
F(6,2,9) = 976208
F(6,3,10) = 978296
F(6,1,9) = 976908
F(6,2,10) = 979368
F(6,1,10) = 979718
F(7,1,2) = 967168
F(7,2,3) = 647680
F(7,3,4) = 571904
F(7,4,5) = 684544
F(7,5,6) = 738816
F(7,6,7) = 193984
F(7,7,8) = 947200
F(7,8,9) = 485376
F(7,9,10) = 845824
F(7,1,3) = 991488
F(7,2,4) = 778496
F(7,3,5) = 708864
F(7,4,6) = 869632
F(7,5,7) = 965120
F(7,6,8) = 214976
F(7,7,9) = 711680
F(7,8,10) = 866816
F(7,1,4) = 861952
F(7,2,5) = 818816
F(7,3,6) = 881792
F(7,4,7) = 982784
F(7,5,8) = 975616
F(7,6,9) = 783872
F(7,7,10) = 979968
F(7,1,5) = 882112
F(7,2,6) = 919232
F(7,3,7) = 988864
F(7,4,8) = 988032
F(7,5,9) = 804032
F(7,6,10) = 834176
F(7,1,6) = 940096
F(7,2,7) = 947520
F(7,3,8) = 991488
F(7,4,9) = 820384
F(7,5,10) = 844256
F(7,1,7) = 957952
F(7,2,8) = 948832
F(7,3,9) = 998416
F(7,4,10) = 852432
F(7,1,8) = 958608
F(7,2,9) = 952296
F(7,3,10) = 853192
F(7,1,9) = 960340
F(7,2,10) = 955440
F(7,1,10) = 961912
F(8,1,2) = 568320
F(8,2,3) = 928256
F(8,3,4) = 867840
F(8,4,5) = 600576
F(8,5,6) = 474112
F(8,6,7) = 619520
F(8,7,8) = 970240
F(8,8,9) = 917504
F(8,9,10) = 766976
F(8,1,3) = 997376
F(8,2,4) = 975360
F(8,3,5) = 971776
F(8,4,6) = 629760
F(8,5,7) = 723456
F(8,6,8) = 999424
F(8,7,9) = 057792
F(8,8,10) = 971520
F(8,1,4) = 043584
F(8,2,5) = 027328
F(8,3,6) = 986368
F(8,4,7) = 769664
F(8,5,8) = 825728
F(8,6,9) = 072384
F(8,7,10) = 141248
F(8,1,5) = 069568
F(8,2,6) = 034624
F(8,3,7) = 831936
F(8,4,8) = 848832
F(8,5,9) = 838144
F(8,6,10) = 148544
F(8,1,6) = 073216
F(8,2,7) = 845376
F(8,3,8) = 879968
F(8,4,9) = 855040
F(8,5,10) = 859008
F(8,1,7) = 849696
F(8,2,8) = 886688
F(8,3,9) = 883072
F(8,4,10) = 865472
F(8,1,8) = 888848
F(8,2,9) = 888240
F(8,3,10) = 888288
F(8,1,9) = 889624
F(8,2,10) = 890848
F(8,1,10) = 891388
F(9,1,2) = 970240
F(9,2,3) = 330688
F(9,3,4) = 261568
F(9,4,5) = 925696
F(9,5,6) = 031168
F(9,6,7) = 046016
F(9,7,8) = 188352
F(9,8,9) = 941056
F(9,9,10) = 764928
F(9,1,3) = 480448
F(9,2,4) = 463808
F(9,3,5) = 426432
F(9,4,6) = 164288
F(9,5,7) = 210880
F(9,6,8) = 363712
F(9,7,9) = 236992
F(9,8,10) = 975872
F(9,1,4) = 547008
F(9,2,5) = 546240
F(9,3,6) = 514112
F(9,4,7) = 277440
F(9,5,8) = 446144
F(9,6,9) = 388032
F(9,7,10) = 320448
F(9,1,5) = 588224
F(9,2,6) = 590080
F(9,3,7) = 557184
F(9,4,8) = 479424
F(9,5,9) = 458304
F(9,6,10) = 429760
F(9,1,6) = 610144
F(9,2,7) = 611616
F(9,3,8) = 583552
F(9,4,9) = 485504
F(9,5,10) = 479168
F(9,1,7) = 620976
F(9,2,8) = 624800
F(9,3,9) = 586592
F(9,4,10) = 495936
F(9,1,8) = 629480
F(9,2,9) = 626320
F(9,3,10) = 591808
F(9,1,9) = 630240
F(9,2,10) = 628928
F(9,1,10) = 631544
F(10,1,2) = 858624
F(10,2,3) = 151488
F(10,3,4) = 841216
F(10,4,5) = 871424
F(10,5,6) = 980992
F(10,6,7) = 827392
F(10,7,8) = 060864
F(10,8,9) = 060864
F(10,9,10) = 787968
F(10,1,3) = 157376
F(10,2,4) = 267456
F(10,3,5) = 044992
F(10,4,6) = 954368
F(10,5,7) = 146368
F(10,6,8) = 143808
F(10,7,9) = 226240
F(10,8,10) = 970496
F(10,1,4) = 270400
F(10,2,5) = 369344
F(10,3,6) = 086464
F(10,4,7) = 204352
F(10,5,8) = 245696
F(10,6,9) = 267712
F(10,7,10) = 257856
F(10,1,5) = 370816
F(10,2,6) = 390080
F(10,3,7) = 242432
F(10,4,8) = 274688
F(10,5,9) = 318656
F(10,6,10) = 283520
F(10,1,6) = 390816
F(10,2,7) = 410752
F(10,3,8) = 293728
F(10,4,9) = 333152
F(10,5,10) = 326560
F(10,1,7) = 411120
F(10,2,8) = 422160
F(10,3,9) = 342672
F(10,4,10) = 337104
F(10,1,8) = 422344
F(10,2,9) = 427328
F(10,3,10) = 344648
F(10,1,9) = 427420
F(10,2,10) = 428316
F(10,1,10) = 428362
F(11,1,2) = 701952
F(11,2,3) = 845312
F(11,3,4) = 798720
F(11,4,5) = 581632
F(11,5,6) = 541696
F(11,6,7) = 723456
F(11,7,8) = 964608
F(11,8,9) = 844800
F(11,9,10) = 540672
F(11,1,3) = 934656
F(11,2,4) = 952832
F(11,3,5) = 874496
F(11,4,6) = 679168
F(11,5,7) = 799232
F(11,6,8) = 941568
F(11,7,9) = 976896
F(11,8,10) = 910848
F(11,1,4) = 997504
F(11,2,5) = 990720
F(11,3,6) = 923264
F(11,4,7) = 852992
F(11,5,8) = 979456
F(11,6,9) = 992640
F(11,7,10) = 976896
F(11,1,5) = 016448
F(11,2,6) = 955968
F(11,3,7) = 956288
F(11,4,8) = 907520
F(11,5,9) = 011584
F(11,6,10) = 009152
F(11,1,6) = 967136
F(11,2,7) = 972640
F(11,3,8) = 983552
F(11,4,9) = 920288
F(11,5,10) = 019840
F(11,1,7) = 978224
F(11,2,8) = 991728
F(11,3,9) = 989936
F(11,4,10) = 924416
F(11,1,8) = 994520
F(11,2,9) = 994920
F(11,3,10) = 992000
F(11,1,9) = 996316
F(11,2,10) = 995952
F(11,1,10) = 996832
F(12,1,2) = 596992
F(12,2,3) = 636928
F(12,3,4) = 659456
F(12,4,5) = 769536
F(12,5,6) = 920064
F(12,6,7) = 352192
F(12,7,8) = 306112
F(12,8,9) = 236480
F(12,9,10) = 855552
F(12,1,3) = 680448
F(12,2,4) = 786944
F(12,3,5) = 833024
F(12,4,6) = 992512
F(12,5,7) = 470720
F(12,6,8) = 552128
F(12,7,9) = 515264
F(12,8,10) = 345792
F(12,1,4) = 808704
F(12,2,5) = 896768
F(12,3,6) = 944512
F(12,4,7) = 537280
F(12,5,8) = 611392
F(12,6,9) = 656704
F(12,7,10) = 569920
F(12,1,5) = 907648
F(12,2,6) = 976384
F(12,3,7) = 553152
F(12,4,8) = 644672
F(12,5,9) = 686336
F(12,6,10) = 684032
F(12,1,6) = 981824
F(12,2,7) = 569088
F(12,3,8) = 652608
F(12,4,9) = 702976
F(12,5,10) = 700000
F(12,1,7) = 995984
F(12,2,8) = 660576
F(12,3,9) = 706944
F(12,4,10) = 709808
F(12,1,8) = 661936
F(12,2,9) = 710928
F(12,3,10) = 711792
F(12,1,9) = 711608
F(12,2,10) = 713784
F(12,1,10) = 714124
F(13,1,2) = 750080
F(13,2,3) = 982528
F(13,3,4) = 743936
F(13,4,5) = 382464
F(13,5,6) = 870400
F(13,6,7) = 856064
F(13,7,8) = 315904
F(13,8,9) = 449024
F(13,9,10) = 440832
F(13,1,3) = 920320
F(13,2,4) = 894720
F(13,3,5) = 823808
F(13,4,6) = 901888
F(13,5,7) = 943104
F(13,6,8) = 868608
F(13,7,9) = 521728
F(13,8,10) = 457472
F(13,1,4) = 936064
F(13,2,5) = 934656
F(13,3,6) = 987008
F(13,4,7) = 958848
F(13,5,8) = 949376
F(13,6,9) = 921600
F(13,7,10) = 525952
F(13,1,5) = 956032
F(13,2,6) = 979072
F(13,3,7) = 005184
F(13,4,8) = 961984
F(13,5,9) = 975872
F(13,6,10) = 923712
F(13,1,6) = 988256
F(13,2,7) = 988160
F(13,3,8) = 983264
F(13,4,9) = 979808
F(13,5,10) = 976928
F(13,1,7) = 992800
F(13,2,8) = 992688
F(13,3,9) = 990448
F(13,4,10) = 980336
F(13,1,8) = 994984
F(13,2,9) = 996000
F(13,3,10) = 990712
F(13,1,9) = 997148
F(13,2,10) = 996132
F(13,1,10) = 997214
F(14,1,2) = 810496
F(14,2,3) = 207808
F(14,3,4) = 967680
F(14,4,5) = 73728
F(14,5,6) = 820224
F(14,6,7) = 1426432
F(14,7,8) = 1434624
F(14,8,9) = 229824
F(14,9,10) = 382400
F(14,1,3) = 325824
F(14,2,4) = 231360
F(14,3,5) = 974336
F(14,4,6) = 843776
F(14,5,7) = 1433088
F(14,6,8) = 1636352
F(14,7,9) = 1637888
F(14,8,10) = 588224
F(14,1,4) = 337600
F(14,2,5) = 234688
F(14,3,6) = 958848
F(14,4,7) = 1444864
F(14,5,8) = 1639680
F(14,6,9) = 1738752
F(14,7,10) = 1759872
F(14,1,5) = 339264
F(14,2,6) = 994752
F(14,3,7) = 1502400
F(14,4,8) = 1645568
F(14,5,9) = 1740416
F(14,6,10) = 1810304
F(14,1,6) = 364480
F(14,2,7) = 1520352
F(14,3,8) = 1674336
F(14,4,9) = 1743360
F(14,5,10) = 1811136
F(14,1,7) = 1527728
F(14,2,8) = 1683312
F(14,3,9) = 1757744
F(14,4,10) = 1812608
F(14,1,8) = 1687000
F(14,2,9) = 1762232
F(14,3,10) = 1819800
F(14,1,9) = 1764076
F(14,2,10) = 1822044
F(14,1,10) = 1822966
F(15,1,2) = 931328
F(15,2,3) = 276416
F(15,3,4) = 875520
F(15,4,5) = 784384
F(15,5,6) = 587776
F(15,6,7) = 288768
F(15,7,8) = 837120
F(15,8,9) = 932352
F(15,9,10) = 858112
F(15,1,3) = 417984
F(15,2,4) = 376256
F(15,3,5) = 022464
F(15,4,6) = 785920
F(15,5,7) = 659200
F(15,6,8) = 838656
F(15,7,9) = 956160
F(15,8,10) = 123328
F(15,1,4) = 467904
F(15,2,5) = 449344
F(15,3,6) = 904960
F(15,4,7) = 821632
F(15,5,8) = 911744
F(15,6,9) = 956928
F(15,7,10) = 159040
F(15,1,5) = 504448
F(15,2,6) = 945472
F(15,3,7) = 922816
F(15,4,8) = 936704
F(15,5,9) = 993472
F(15,6,10) = 159424
F(15,1,6) = 963168
F(15,2,7) = 954400
F(15,3,8) = 966464
F(15,4,9) = 951584
F(15,5,10) = 177696
F(15,1,7) = 967632
F(15,2,8) = 976592
F(15,3,9) = 973904
F(15,4,10) = 963520
F(15,1,8) = 981016
F(15,2,9) = 980312
F(15,3,10) = 979872
F(15,1,9) = 982876
F(15,2,10) = 983296
F(15,1,10) = 984402
F(16,1,2) = 162240
F(16,2,3) = 922112
F(16,3,4) = 797184
F(16,4,5) = 253888
F(16,5,6) = 248768
F(16,6,7) = 842240
F(16,7,8) = 836608
F(16,8,9) = 419264
F(16,9,10) = 908800
F(16,1,3) = 220352
F(16,2,4) = 998656
F(16,3,5) = 312000
F(16,4,6) = 421568
F(16,5,7) = 334528
F(16,6,8) = 089024
F(16,7,9) = 505024
F(16,8,10) = 441536
F(16,1,4) = 305472
F(16,2,5) = 412736
F(16,3,6) = 450624
F(16,4,7) = 464448
F(16,5,8) = 457920
F(16,6,9) = 588864
F(16,7,10) = 516160
F(16,1,5) = 457280
F(16,2,6) = 500992
F(16,3,7) = 478976
F(16,4,8) = 526144
F(16,5,9) = 645952
F(16,6,10) = 594432
F(16,1,6) = 523264
F(16,2,7) = 511712
F(16,3,8) = 533408
F(16,4,9) = 667232
F(16,5,10) = 648736
F(16,1,7) = 528624
F(16,2,8) = 546000
F(16,3,9) = 670864
F(16,4,10) = 668624
F(16,1,8) = 551568
F(16,2,9) = 677160
F(16,3,10) = 671560
F(16,1,9) = 679944
F(16,2,10) = 677508
F(16,1,10) = 680118
F(17,1,2) = 977408
F(17,2,3) = 782336
F(17,3,4) = 551936
F(17,4,5) = 515584
F(17,5,6) = 498176
F(17,6,7) = 559104
F(17,7,8) = 871424
F(17,8,9) = 229312
F(17,9,10) = 999936
F(17,1,3) = 953600
F(17,2,4) = 883456
F(17,3,5) = 607488
F(17,4,6) = 612352
F(17,5,7) = 614656
F(17,6,8) = 968192
F(17,7,9) = 315328
F(17,8,10) = 369344
F(17,1,4) = 969088
F(17,2,5) = 911232
F(17,3,6) = 655872
F(17,4,7) = 665216
F(17,5,8) = 995968
F(17,6,9) = 363712
F(17,7,10) = 412352
F(17,1,5) = 982976
F(17,2,6) = 935424
F(17,3,7) = 683648
F(17,4,8) = 708928
F(17,5,9) = 377600
F(17,6,10) = 436544
F(17,1,6) = 995072
F(17,2,7) = 946176
F(17,3,8) = 718144
F(17,4,9) = 736416
F(17,5,10) = 443488
F(17,1,7) = 956880
F(17,2,8) = 957104
F(17,3,9) = 741024
F(17,4,10) = 745168
F(17,1,8) = 962456
F(17,2,9) = 963976
F(17,3,10) = 747472
F(17,1,9) = 966652
F(17,2,10) = 966164
F(17,1,10) = 967746
F(18,1,2) = 845824
F(18,2,3) = 1104896
F(18,3,4) = 1129472
F(18,4,5) = 968704
F(18,5,6) = 932864
F(18,6,7) = 663040
F(18,7,8) = 368128
F(18,8,9) = 776704
F(18,9,10) = 892928
F(18,1,3) = 1294336
F(18,2,4) = 1173504
F(18,3,5) = 1343488
F(18,4,6) = 989184
F(18,5,7) = 877056
F(18,6,8) = 688896
F(18,7,9) = 855808
F(18,8,10) = 918784
F(18,1,4) = 1322496
F(18,2,5) = 1365504
F(18,3,6) = 1406592
F(18,4,7) = 905216
F(18,5,8) = 889984
F(18,6,9) = 918912
F(18,7,10) = 958336
F(18,1,5) = 1412864
F(18,2,6) = 1417600
F(18,3,7) = 1426368
F(18,4,8) = 911680
F(18,5,9) = 972416
F(18,6,10) = 989888
F(18,1,6) = 1441280
F(18,2,7) = 1431872
F(18,3,8) = 1429600
F(18,4,9) = 979456
F(18,5,10) = 982912
F(18,1,7) = 1446224
F(18,2,8) = 1433488
F(18,3,9) = 1440928
F(18,4,10) = 986432
F(18,1,8) = 1447032
F(18,2,9) = 1442304
F(18,3,10) = 1443552
F(18,1,9) = 1449864
F(18,2,10) = 1444240
F(18,1,10) = 1450520
F(19,1,2) = 827904
F(19,2,3) = 894976
F(19,3,4) = 768000
F(19,4,5) = 1180672
F(19,5,6) = 1109504
F(19,6,7) = 207872
F(19,7,8) = 729088
F(19,8,9) = 764928
F(19,9,10) = 257024
F(19,1,3) = 978176
F(19,2,4) = 978432
F(19,3,5) = 1330944
F(19,4,6) = 1228544
F(19,5,7) = 1117696
F(19,6,8) = 776960
F(19,7,9) = 773120
F(19,8,10) = 816128
F(19,1,4) = 038464
F(19,2,5) = 1404416
F(19,3,6) = 1354880
F(19,4,7) = 1232640
F(19,5,8) = 1206784
F(19,6,9) = 797056
F(19,7,10) = 820224
F(19,1,5) = 1434432
F(19,2,6) = 1416384
F(19,3,7) = 1356928
F(19,4,8) = 1277184
F(19,5,9) = 1213312
F(19,6,10) = 832192
F(19,1,6) = 1440416
F(19,2,7) = 1417408
F(19,3,8) = 1379200
F(19,4,9) = 1280448
F(19,5,10) = 1219712
F(19,1,7) = 1440928
F(19,2,8) = 1428544
F(19,3,9) = 1380832
F(19,4,10) = 1283648
F(19,1,8) = 1446496
F(19,2,9) = 1429360
F(19,3,10) = 1382432
F(19,1,9) = 1446904
F(19,2,10) = 1430160
F(19,1,10) = 1447304
F(20,1,2) = 844800
F(20,2,3) = 821248
F(20,3,4) = 804864
F(20,4,5) = 940032
F(20,5,6) = 838656
F(20,6,7) = 430080
F(20,7,8) = 689664
F(20,8,9) = 694784
F(20,9,10) = 991744
F(20,1,3) = 067008
F(20,2,4) = 911360
F(20,3,5) = 994816
F(20,4,6) = 979456
F(20,5,7) = 926464
F(20,6,8) = 729088
F(20,7,9) = 782592
F(20,8,10) = 897536
F(20,1,4) = 112064
F(20,2,5) = 041920
F(20,3,6) = 090560
F(20,4,7) = 971520
F(20,5,8) = 990720
F(20,6,9) = 802304
F(20,7,10) = 941440
F(20,1,5) = 159552
F(20,2,6) = 114112
F(20,3,7) = 112512
F(20,4,8) = 013248
F(20,5,9) = 849792
F(20,6,10) = 951296
F(20,1,6) = 164480
F(20,2,7) = 125088
F(20,3,8) = 128576
F(20,4,9) = 861056
F(20,5,10) = 975040
F(20,1,7) = 169968
F(20,2,8) = 134464
F(20,3,9) = 874944
F(20,4,10) = 980672
F(20,1,8) = 173984
F(20,2,9) = 877888
F(20,3,10) = 987616
F(20,1,9) = 881544
F(20,2,10) = 989088
F(20,1,10) = 990916
0305270
